{"/Users/eric/Desktop/CODE/ANDELA/MyBrand-BE/src/index.ts": {"path":"/Users/eric/Desktop/CODE/ANDELA/MyBrand-BE/src/index.ts","statementMap":{"0":{"start":{"line":25,"column":0},"end":{"line":25,"column":30}},"1":{"start":{"line":26,"column":0},"end":{"line":26,"column":32}},"2":{"start":{"line":27,"column":0},"end":{"line":27,"column":48}},"3":{"start":{"line":28,"column":0},"end":{"line":28,"column":48}},"4":{"start":{"line":29,"column":0},"end":{"line":29,"column":47}},"5":{"start":{"line":32,"column":14},"end":{"line":32,"column":144}},"6":{"start":{"line":34,"column":12},"end":{"line":34,"column":21}},"7":{"start":{"line":37,"column":0},"end":{"line":56,"column":4}},"8":{"start":{"line":39,"column":4},"end":{"line":39,"column":41}},"9":{"start":{"line":42,"column":4},"end":{"line":42,"column":28}},"10":{"start":{"line":45,"column":4},"end":{"line":45,"column":40}},"11":{"start":{"line":46,"column":4},"end":{"line":46,"column":40}},"12":{"start":{"line":47,"column":4},"end":{"line":47,"column":39}},"13":{"start":{"line":50,"column":4},"end":{"line":52,"column":7}},"14":{"start":{"line":51,"column":6},"end":{"line":51,"column":41}},"15":{"start":{"line":55,"column":4},"end":{"line":55,"column":57}},"16":{"start":{"line":58,"column":0},"end":{"line":58,"column":19}}},"fnMap":{"0":{"name":"(anonymous_1)","decl":{"start":{"line":38,"column":7},"end":{"line":38,"column":10}},"loc":{"start":{"line":38,"column":12},"end":{"line":53,"column":2}}},"1":{"name":"(anonymous_2)","decl":{"start":{"line":50,"column":21},"end":{"line":50,"column":24}},"loc":{"start":{"line":50,"column":26},"end":{"line":52,"column":5}}},"2":{"name":"(anonymous_3)","decl":{"start":{"line":54,"column":8},"end":{"line":54,"column":9}},"loc":{"start":{"line":54,"column":18},"end":{"line":56,"column":2}}}},"branchMap":{},"s":{"0":1,"1":1,"2":1,"3":1,"4":1,"5":1,"6":1,"7":1,"8":0,"9":0,"10":0,"11":0,"12":0,"13":0,"14":0,"15":0,"16":1},"f":{"0":0,"1":0,"2":0},"b":{}}
,"/Users/eric/Desktop/CODE/ANDELA/MyBrand-BE/src/controllers/blogsController.ts": {"path":"/Users/eric/Desktop/CODE/ANDELA/MyBrand-BE/src/controllers/blogsController.ts","statementMap":{"0":{"start":{"line":1,"column":0},"end":{"line":1,"column":53}},"1":{"start":{"line":2,"column":0},"end":{"line":2,"column":23}},"2":{"start":{"line":4,"column":0},"end":{"line":4,"column":68}},"3":{"start":{"line":5,"column":0},"end":{"line":5,"column":51}},"4":{"start":{"line":7,"column":26},"end":{"line":56,"column":2}},"5":{"start":{"line":7,"column":64},"end":{"line":56,"column":2}},"6":{"start":{"line":8,"column":43},"end":{"line":11,"column":4}},"7":{"start":{"line":12,"column":20},"end":{"line":12,"column":51}},"8":{"start":{"line":14,"column":2},"end":{"line":18,"column":3}},"9":{"start":{"line":15,"column":4},"end":{"line":17,"column":61}},"10":{"start":{"line":20,"column":2},"end":{"line":22,"column":3}},"11":{"start":{"line":21,"column":4},"end":{"line":21,"column":80}},"12":{"start":{"line":24,"column":2},"end":{"line":27,"column":69}},"13":{"start":{"line":25,"column":4},"end":{"line":27,"column":69}},"14":{"start":{"line":29,"column":35},"end":{"line":29,"column":43}},"15":{"start":{"line":31,"column":19},"end":{"line":31,"column":58}},"16":{"start":{"line":33,"column":2},"end":{"line":55,"column":3}},"17":{"start":{"line":34,"column":4},"end":{"line":54,"column":5}},"18":{"start":{"line":35,"column":19},"end":{"line":40,"column":8}},"19":{"start":{"line":42,"column":22},"end":{"line":42,"column":39}},"20":{"start":{"line":43,"column":6},"end":{"line":49,"column":7}},"21":{"start":{"line":44,"column":8},"end":{"line":48,"column":11}},"22":{"start":{"line":51,"column":6},"end":{"line":53,"column":63}},"23":{"start":{"line":7,"column":13},"end":{"line":7,"column":26}},"24":{"start":{"line":58,"column":24},"end":{"line":67,"column":2}},"25":{"start":{"line":58,"column":62},"end":{"line":67,"column":2}},"26":{"start":{"line":59,"column":2},"end":{"line":66,"column":3}},"27":{"start":{"line":60,"column":18},"end":{"line":60,"column":35}},"28":{"start":{"line":61,"column":4},"end":{"line":61,"column":56}},"29":{"start":{"line":63,"column":4},"end":{"line":65,"column":61}},"30":{"start":{"line":58,"column":13},"end":{"line":58,"column":24}},"31":{"start":{"line":69,"column":23},"end":{"line":90,"column":2}},"32":{"start":{"line":69,"column":61},"end":{"line":90,"column":2}},"33":{"start":{"line":70,"column":2},"end":{"line":74,"column":3}},"34":{"start":{"line":71,"column":4},"end":{"line":73,"column":66}},"35":{"start":{"line":76,"column":2},"end":{"line":89,"column":3}},"36":{"start":{"line":77,"column":17},"end":{"line":77,"column":63}},"37":{"start":{"line":78,"column":4},"end":{"line":84,"column":5}},"38":{"start":{"line":79,"column":6},"end":{"line":79,"column":57}},"39":{"start":{"line":81,"column":6},"end":{"line":83,"column":68}},"40":{"start":{"line":86,"column":4},"end":{"line":88,"column":71}},"41":{"start":{"line":69,"column":13},"end":{"line":69,"column":23}},"42":{"start":{"line":92,"column":26},"end":{"line":151,"column":2}},"43":{"start":{"line":92,"column":64},"end":{"line":151,"column":2}},"44":{"start":{"line":95,"column":21},"end":{"line":95,"column":31}},"45":{"start":{"line":96,"column":22},"end":{"line":96,"column":53}},"46":{"start":{"line":97,"column":2},"end":{"line":101,"column":3}},"47":{"start":{"line":98,"column":4},"end":{"line":100,"column":73}},"48":{"start":{"line":103,"column":43},"end":{"line":106,"column":4}},"49":{"start":{"line":107,"column":20},"end":{"line":107,"column":51}},"50":{"start":{"line":109,"column":2},"end":{"line":113,"column":3}},"51":{"start":{"line":110,"column":4},"end":{"line":112,"column":61}},"52":{"start":{"line":115,"column":2},"end":{"line":118,"column":69}},"53":{"start":{"line":116,"column":4},"end":{"line":118,"column":69}},"54":{"start":{"line":120,"column":35},"end":{"line":120,"column":43}},"55":{"start":{"line":122,"column":19},"end":{"line":122,"column":58}},"56":{"start":{"line":124,"column":2},"end":{"line":150,"column":3}},"57":{"start":{"line":125,"column":17},"end":{"line":132,"column":null}},"58":{"start":{"line":135,"column":4},"end":{"line":145,"column":5}},"59":{"start":{"line":136,"column":6},"end":{"line":140,"column":9}},"60":{"start":{"line":142,"column":6},"end":{"line":144,"column":70}},"61":{"start":{"line":147,"column":4},"end":{"line":149,"column":61}},"62":{"start":{"line":92,"column":13},"end":{"line":92,"column":26}},"63":{"start":{"line":153,"column":26},"end":{"line":184,"column":2}},"64":{"start":{"line":153,"column":64},"end":{"line":184,"column":2}},"65":{"start":{"line":156,"column":21},"end":{"line":156,"column":31}},"66":{"start":{"line":157,"column":22},"end":{"line":157,"column":53}},"67":{"start":{"line":158,"column":2},"end":{"line":162,"column":3}},"68":{"start":{"line":159,"column":4},"end":{"line":161,"column":73}},"69":{"start":{"line":164,"column":2},"end":{"line":183,"column":3}},"70":{"start":{"line":165,"column":17},"end":{"line":165,"column":54}},"71":{"start":{"line":166,"column":4},"end":{"line":178,"column":5}},"72":{"start":{"line":167,"column":6},"end":{"line":169,"column":70}},"73":{"start":{"line":171,"column":6},"end":{"line":177,"column":11}},"74":{"start":{"line":180,"column":4},"end":{"line":182,"column":61}},"75":{"start":{"line":153,"column":13},"end":{"line":153,"column":26}}},"fnMap":{"0":{"name":"(anonymous_8)","decl":{"start":{"line":7,"column":26},"end":{"line":7,"column":33}},"loc":{"start":{"line":7,"column":64},"end":{"line":56,"column":2}}},"1":{"name":"(anonymous_9)","decl":{"start":{"line":7,"column":64},"end":{"line":7,"column":null}},"loc":{"start":{"line":7,"column":64},"end":{"line":56,"column":1}}},"2":{"name":"(anonymous_10)","decl":{"start":{"line":58,"column":24},"end":{"line":58,"column":31}},"loc":{"start":{"line":58,"column":62},"end":{"line":67,"column":2}}},"3":{"name":"(anonymous_11)","decl":{"start":{"line":58,"column":62},"end":{"line":58,"column":null}},"loc":{"start":{"line":58,"column":62},"end":{"line":67,"column":1}}},"4":{"name":"(anonymous_12)","decl":{"start":{"line":69,"column":23},"end":{"line":69,"column":30}},"loc":{"start":{"line":69,"column":61},"end":{"line":90,"column":2}}},"5":{"name":"(anonymous_13)","decl":{"start":{"line":69,"column":61},"end":{"line":69,"column":null}},"loc":{"start":{"line":69,"column":61},"end":{"line":90,"column":1}}},"6":{"name":"(anonymous_14)","decl":{"start":{"line":92,"column":26},"end":{"line":92,"column":33}},"loc":{"start":{"line":92,"column":64},"end":{"line":151,"column":2}}},"7":{"name":"(anonymous_15)","decl":{"start":{"line":92,"column":64},"end":{"line":92,"column":null}},"loc":{"start":{"line":92,"column":64},"end":{"line":151,"column":1}}},"8":{"name":"(anonymous_16)","decl":{"start":{"line":153,"column":26},"end":{"line":153,"column":33}},"loc":{"start":{"line":153,"column":64},"end":{"line":184,"column":2}}},"9":{"name":"(anonymous_17)","decl":{"start":{"line":153,"column":64},"end":{"line":153,"column":null}},"loc":{"start":{"line":153,"column":64},"end":{"line":184,"column":1}}}},"branchMap":{"0":{"loc":{"start":{"line":14,"column":2},"end":{"line":18,"column":3}},"type":"if","locations":[{"start":{"line":14,"column":2},"end":{"line":18,"column":3}}]},"1":{"loc":{"start":{"line":20,"column":2},"end":{"line":22,"column":3}},"type":"if","locations":[{"start":{"line":20,"column":2},"end":{"line":22,"column":3}}]},"2":{"loc":{"start":{"line":20,"column":6},"end":{"line":20,"column":44}},"type":"binary-expr","locations":[{"start":{"line":20,"column":6},"end":{"line":20,"column":15}},{"start":{"line":20,"column":19},"end":{"line":20,"column":44}}]},"3":{"loc":{"start":{"line":24,"column":2},"end":{"line":27,"column":69}},"type":"if","locations":[{"start":{"line":24,"column":2},"end":{"line":27,"column":69}}]},"4":{"loc":{"start":{"line":33,"column":2},"end":{"line":55,"column":3}},"type":"if","locations":[{"start":{"line":33,"column":2},"end":{"line":55,"column":3}}]},"5":{"loc":{"start":{"line":43,"column":6},"end":{"line":49,"column":7}},"type":"if","locations":[{"start":{"line":43,"column":6},"end":{"line":49,"column":7}}]},"6":{"loc":{"start":{"line":70,"column":2},"end":{"line":74,"column":3}},"type":"if","locations":[{"start":{"line":70,"column":2},"end":{"line":74,"column":3}}]},"7":{"loc":{"start":{"line":78,"column":4},"end":{"line":84,"column":5}},"type":"if","locations":[{"start":{"line":78,"column":4},"end":{"line":84,"column":5}},{"start":{"line":80,"column":11},"end":{"line":84,"column":5}}]},"8":{"loc":{"start":{"line":97,"column":2},"end":{"line":101,"column":3}},"type":"if","locations":[{"start":{"line":97,"column":2},"end":{"line":101,"column":3}}]},"9":{"loc":{"start":{"line":109,"column":2},"end":{"line":113,"column":3}},"type":"if","locations":[{"start":{"line":109,"column":2},"end":{"line":113,"column":3}}]},"10":{"loc":{"start":{"line":115,"column":2},"end":{"line":118,"column":69}},"type":"if","locations":[{"start":{"line":115,"column":2},"end":{"line":118,"column":69}}]},"11":{"loc":{"start":{"line":135,"column":4},"end":{"line":145,"column":5}},"type":"if","locations":[{"start":{"line":135,"column":4},"end":{"line":145,"column":5}},{"start":{"line":141,"column":11},"end":{"line":145,"column":5}}]},"12":{"loc":{"start":{"line":158,"column":2},"end":{"line":162,"column":3}},"type":"if","locations":[{"start":{"line":158,"column":2},"end":{"line":162,"column":3}}]},"13":{"loc":{"start":{"line":166,"column":4},"end":{"line":178,"column":5}},"type":"if","locations":[{"start":{"line":166,"column":4},"end":{"line":178,"column":5}},{"start":{"line":170,"column":11},"end":{"line":178,"column":5}}]}},"s":{"0":1,"1":1,"2":1,"3":1,"4":1,"5":0,"6":0,"7":0,"8":0,"9":0,"10":0,"11":0,"12":0,"13":0,"14":0,"15":0,"16":0,"17":0,"18":0,"19":0,"20":0,"21":0,"22":0,"23":1,"24":1,"25":0,"26":0,"27":0,"28":0,"29":0,"30":1,"31":1,"32":0,"33":0,"34":0,"35":0,"36":0,"37":0,"38":0,"39":0,"40":0,"41":1,"42":1,"43":0,"44":0,"45":0,"46":0,"47":0,"48":0,"49":0,"50":0,"51":0,"52":0,"53":0,"54":0,"55":0,"56":0,"57":0,"58":0,"59":0,"60":0,"61":0,"62":1,"63":1,"64":0,"65":0,"66":0,"67":0,"68":0,"69":0,"70":0,"71":0,"72":0,"73":0,"74":0,"75":1},"f":{"0":0,"1":0,"2":0,"3":0,"4":0,"5":0,"6":0,"7":0,"8":0,"9":0},"b":{"0":[0],"1":[0],"2":[0,0],"3":[0],"4":[0],"5":[0],"6":[0],"7":[0,0],"8":[0],"9":[0],"10":[0],"11":[0,0],"12":[0],"13":[0,0]}}
,"/Users/eric/Desktop/CODE/ANDELA/MyBrand-BE/src/controllers/queryController.ts": {"path":"/Users/eric/Desktop/CODE/ANDELA/MyBrand-BE/src/controllers/queryController.ts","statementMap":{"0":{"start":{"line":1,"column":0},"end":{"line":1,"column":69}},"1":{"start":{"line":2,"column":0},"end":{"line":2,"column":23}},"2":{"start":{"line":4,"column":0},"end":{"line":4,"column":null}},"3":{"start":{"line":10,"column":27},"end":{"line":26,"column":2}},"4":{"start":{"line":10,"column":65},"end":{"line":26,"column":2}},"5":{"start":{"line":11,"column":45},"end":{"line":15,"column":4}},"6":{"start":{"line":16,"column":20},"end":{"line":16,"column":53}},"7":{"start":{"line":18,"column":2},"end":{"line":21,"column":3}},"8":{"start":{"line":19,"column":4},"end":{"line":19,"column":74}},"9":{"start":{"line":20,"column":4},"end":{"line":20,"column":11}},"10":{"start":{"line":23,"column":16},"end":{"line":23,"column":36}},"11":{"start":{"line":24,"column":2},"end":{"line":24,"column":21}},"12":{"start":{"line":25,"column":2},"end":{"line":25,"column":94}},"13":{"start":{"line":10,"column":13},"end":{"line":10,"column":27}},"14":{"start":{"line":28,"column":26},"end":{"line":31,"column":2}},"15":{"start":{"line":28,"column":64},"end":{"line":31,"column":2}},"16":{"start":{"line":29,"column":18},"end":{"line":29,"column":75}},"17":{"start":{"line":30,"column":2},"end":{"line":30,"column":56}},"18":{"start":{"line":28,"column":13},"end":{"line":28,"column":26}},"19":{"start":{"line":33,"column":24},"end":{"line":59,"column":2}},"20":{"start":{"line":33,"column":62},"end":{"line":59,"column":2}},"21":{"start":{"line":36,"column":22},"end":{"line":36,"column":32}},"22":{"start":{"line":37,"column":23},"end":{"line":37,"column":55}},"23":{"start":{"line":38,"column":2},"end":{"line":43,"column":3}},"24":{"start":{"line":39,"column":4},"end":{"line":41,"column":74}},"25":{"start":{"line":42,"column":4},"end":{"line":42,"column":11}},"26":{"start":{"line":47,"column":18},"end":{"line":50,"column":6}},"27":{"start":{"line":52,"column":4},"end":{"line":57,"column":5}},"28":{"start":{"line":53,"column":6},"end":{"line":55,"column":69}},"29":{"start":{"line":56,"column":6},"end":{"line":56,"column":13}},"30":{"start":{"line":58,"column":4},"end":{"line":58,"column":70}},"31":{"start":{"line":33,"column":13},"end":{"line":33,"column":24}},"32":{"start":{"line":61,"column":27},"end":{"line":97,"column":2}},"33":{"start":{"line":61,"column":65},"end":{"line":97,"column":2}},"34":{"start":{"line":64,"column":22},"end":{"line":64,"column":32}},"35":{"start":{"line":65,"column":23},"end":{"line":65,"column":55}},"36":{"start":{"line":66,"column":2},"end":{"line":71,"column":3}},"37":{"start":{"line":67,"column":4},"end":{"line":69,"column":74}},"38":{"start":{"line":70,"column":4},"end":{"line":70,"column":11}},"39":{"start":{"line":73,"column":35},"end":{"line":73,"column":50}},"40":{"start":{"line":74,"column":20},"end":{"line":74,"column":73}},"41":{"start":{"line":76,"column":2},"end":{"line":79,"column":3}},"42":{"start":{"line":77,"column":4},"end":{"line":77,"column":74}},"43":{"start":{"line":78,"column":4},"end":{"line":78,"column":11}},"44":{"start":{"line":81,"column":18},"end":{"line":86,"column":null}},"45":{"start":{"line":89,"column":4},"end":{"line":94,"column":5}},"46":{"start":{"line":90,"column":6},"end":{"line":92,"column":69}},"47":{"start":{"line":93,"column":6},"end":{"line":93,"column":13}},"48":{"start":{"line":95,"column":4},"end":{"line":95,"column":84}},"49":{"start":{"line":61,"column":13},"end":{"line":61,"column":27}},"50":{"start":{"line":99,"column":27},"end":{"line":119,"column":null}},"51":{"start":{"line":99,"column":63},"end":{"line":119,"column":null}},"52":{"start":{"line":100,"column":22},"end":{"line":100,"column":32}},"53":{"start":{"line":101,"column":23},"end":{"line":101,"column":55}},"54":{"start":{"line":102,"column":2},"end":{"line":107,"column":3}},"55":{"start":{"line":103,"column":4},"end":{"line":105,"column":74}},"56":{"start":{"line":106,"column":4},"end":{"line":106,"column":11}},"57":{"start":{"line":111,"column":18},"end":{"line":111,"column":55}},"58":{"start":{"line":112,"column":4},"end":{"line":117,"column":5}},"59":{"start":{"line":113,"column":6},"end":{"line":115,"column":69}},"60":{"start":{"line":116,"column":6},"end":{"line":116,"column":13}},"61":{"start":{"line":118,"column":4},"end":{"line":118,"column":81}},"62":{"start":{"line":99,"column":13},"end":{"line":99,"column":27}}},"fnMap":{"0":{"name":"(anonymous_8)","decl":{"start":{"line":10,"column":27},"end":{"line":10,"column":34}},"loc":{"start":{"line":10,"column":65},"end":{"line":26,"column":2}}},"1":{"name":"(anonymous_9)","decl":{"start":{"line":10,"column":65},"end":{"line":10,"column":null}},"loc":{"start":{"line":10,"column":65},"end":{"line":26,"column":1}}},"2":{"name":"(anonymous_10)","decl":{"start":{"line":28,"column":26},"end":{"line":28,"column":33}},"loc":{"start":{"line":28,"column":64},"end":{"line":31,"column":2}}},"3":{"name":"(anonymous_11)","decl":{"start":{"line":28,"column":64},"end":{"line":28,"column":null}},"loc":{"start":{"line":28,"column":64},"end":{"line":31,"column":1}}},"4":{"name":"(anonymous_12)","decl":{"start":{"line":33,"column":24},"end":{"line":33,"column":31}},"loc":{"start":{"line":33,"column":62},"end":{"line":59,"column":2}}},"5":{"name":"(anonymous_13)","decl":{"start":{"line":33,"column":62},"end":{"line":33,"column":null}},"loc":{"start":{"line":33,"column":62},"end":{"line":59,"column":1}}},"6":{"name":"(anonymous_14)","decl":{"start":{"line":61,"column":27},"end":{"line":61,"column":34}},"loc":{"start":{"line":61,"column":65},"end":{"line":97,"column":2}}},"7":{"name":"(anonymous_15)","decl":{"start":{"line":61,"column":65},"end":{"line":61,"column":null}},"loc":{"start":{"line":61,"column":65},"end":{"line":97,"column":1}}},"8":{"name":"(anonymous_16)","decl":{"start":{"line":99,"column":27},"end":{"line":99,"column":33}},"loc":{"start":{"line":99,"column":63},"end":{"line":119,"column":null}}},"9":{"name":"(anonymous_17)","decl":{"start":{"line":99,"column":63},"end":{"line":99,"column":null}},"loc":{"start":{"line":99,"column":63},"end":{"line":119,"column":1}}}},"branchMap":{"0":{"loc":{"start":{"line":18,"column":2},"end":{"line":21,"column":3}},"type":"if","locations":[{"start":{"line":18,"column":2},"end":{"line":21,"column":3}}]},"1":{"loc":{"start":{"line":38,"column":2},"end":{"line":43,"column":3}},"type":"if","locations":[{"start":{"line":38,"column":2},"end":{"line":43,"column":3}}]},"2":{"loc":{"start":{"line":52,"column":4},"end":{"line":57,"column":5}},"type":"if","locations":[{"start":{"line":52,"column":4},"end":{"line":57,"column":5}}]},"3":{"loc":{"start":{"line":66,"column":2},"end":{"line":71,"column":3}},"type":"if","locations":[{"start":{"line":66,"column":2},"end":{"line":71,"column":3}}]},"4":{"loc":{"start":{"line":76,"column":2},"end":{"line":79,"column":3}},"type":"if","locations":[{"start":{"line":76,"column":2},"end":{"line":79,"column":3}}]},"5":{"loc":{"start":{"line":89,"column":4},"end":{"line":94,"column":5}},"type":"if","locations":[{"start":{"line":89,"column":4},"end":{"line":94,"column":5}}]},"6":{"loc":{"start":{"line":102,"column":2},"end":{"line":107,"column":3}},"type":"if","locations":[{"start":{"line":102,"column":2},"end":{"line":107,"column":3}}]},"7":{"loc":{"start":{"line":112,"column":4},"end":{"line":117,"column":5}},"type":"if","locations":[{"start":{"line":112,"column":4},"end":{"line":117,"column":5}}]}},"s":{"0":1,"1":1,"2":1,"3":1,"4":0,"5":0,"6":0,"7":0,"8":0,"9":0,"10":0,"11":0,"12":0,"13":1,"14":1,"15":0,"16":0,"17":0,"18":1,"19":1,"20":0,"21":0,"22":0,"23":0,"24":0,"25":0,"26":0,"27":0,"28":0,"29":0,"30":0,"31":1,"32":1,"33":0,"34":0,"35":0,"36":0,"37":0,"38":0,"39":0,"40":0,"41":0,"42":0,"43":0,"44":0,"45":0,"46":0,"47":0,"48":0,"49":1,"50":1,"51":0,"52":0,"53":0,"54":0,"55":0,"56":0,"57":0,"58":0,"59":0,"60":0,"61":0,"62":1},"f":{"0":0,"1":0,"2":0,"3":0,"4":0,"5":0,"6":0,"7":0,"8":0,"9":0},"b":{"0":[0],"1":[0],"2":[0],"3":[0],"4":[0],"5":[0],"6":[0],"7":[0]}}
,"/Users/eric/Desktop/CODE/ANDELA/MyBrand-BE/src/controllers/usersController.ts": {"path":"/Users/eric/Desktop/CODE/ANDELA/MyBrand-BE/src/controllers/usersController.ts","statementMap":{"0":{"start":{"line":1,"column":0},"end":{"line":1,"column":31}},"1":{"start":{"line":2,"column":0},"end":{"line":2,"column":30}},"2":{"start":{"line":3,"column":0},"end":{"line":3,"column":28}},"3":{"start":{"line":4,"column":0},"end":{"line":4,"column":23}},"4":{"start":{"line":5,"column":0},"end":{"line":5,"column":70}},"5":{"start":{"line":7,"column":0},"end":{"line":7,"column":34}},"6":{"start":{"line":8,"column":0},"end":{"line":8,"column":54}},"7":{"start":{"line":9,"column":0},"end":{"line":9,"column":22}},"8":{"start":{"line":11,"column":0},"end":{"line":11,"column":16}},"9":{"start":{"line":13,"column":26},"end":{"line":45,"column":2}},"10":{"start":{"line":13,"column":64},"end":{"line":45,"column":2}},"11":{"start":{"line":14,"column":19},"end":{"line":14,"column":70}},"12":{"start":{"line":16,"column":20},"end":{"line":16,"column":54}},"13":{"start":{"line":17,"column":2},"end":{"line":19,"column":3}},"14":{"start":{"line":18,"column":4},"end":{"line":18,"column":81}},"15":{"start":{"line":21,"column":17},"end":{"line":21,"column":62}},"16":{"start":{"line":22,"column":4},"end":{"line":44,"column":5}},"17":{"start":{"line":23,"column":8},"end":{"line":25,"column":70}},"18":{"start":{"line":28,"column":29},"end":{"line":28,"column":66}},"19":{"start":{"line":29,"column":22},"end":{"line":29,"column":73}},"20":{"start":{"line":30,"column":22},"end":{"line":30,"column":42}},"21":{"start":{"line":31,"column":6},"end":{"line":43,"column":7}},"22":{"start":{"line":32,"column":27},"end":{"line":32,"column":72}},"23":{"start":{"line":33,"column":28},"end":{"line":33,"column":61}},"24":{"start":{"line":34,"column":22},"end":{"line":36,"column":10}},"25":{"start":{"line":38,"column":8},"end":{"line":42,"column":11}},"26":{"start":{"line":13,"column":13},"end":{"line":13,"column":26}},"27":{"start":{"line":47,"column":25},"end":{"line":89,"column":2}},"28":{"start":{"line":47,"column":63},"end":{"line":89,"column":2}},"29":{"start":{"line":48,"column":19},"end":{"line":48,"column":58}},"30":{"start":{"line":50,"column":20},"end":{"line":50,"column":52}},"31":{"start":{"line":51,"column":2},"end":{"line":55,"column":3}},"32":{"start":{"line":52,"column":4},"end":{"line":54,"column":61}},"33":{"start":{"line":57,"column":17},"end":{"line":57,"column":62}},"34":{"start":{"line":58,"column":4},"end":{"line":88,"column":5}},"35":{"start":{"line":59,"column":22},"end":{"line":61,"column":null}},"36":{"start":{"line":63,"column":6},"end":{"line":81,"column":7}},"37":{"start":{"line":64,"column":8},"end":{"line":68,"column":11}},"38":{"start":{"line":70,"column":27},"end":{"line":70,"column":72}},"39":{"start":{"line":71,"column":28},"end":{"line":71,"column":61}},"40":{"start":{"line":72,"column":22},"end":{"line":74,"column":10}},"41":{"start":{"line":76,"column":8},"end":{"line":80,"column":11}},"42":{"start":{"line":83,"column":6},"end":{"line":87,"column":9}},"43":{"start":{"line":47,"column":13},"end":{"line":47,"column":25}},"44":{"start":{"line":91,"column":26},"end":{"line":116,"column":2}},"45":{"start":{"line":91,"column":64},"end":{"line":116,"column":2}},"46":{"start":{"line":94,"column":21},"end":{"line":94,"column":31}},"47":{"start":{"line":95,"column":22},"end":{"line":95,"column":53}},"48":{"start":{"line":96,"column":2},"end":{"line":100,"column":3}},"49":{"start":{"line":97,"column":4},"end":{"line":99,"column":73}},"50":{"start":{"line":102,"column":17},"end":{"line":102,"column":54}},"51":{"start":{"line":103,"column":4},"end":{"line":115,"column":5}},"52":{"start":{"line":104,"column":6},"end":{"line":106,"column":70}},"53":{"start":{"line":108,"column":6},"end":{"line":114,"column":11}},"54":{"start":{"line":91,"column":13},"end":{"line":91,"column":26}},"55":{"start":{"line":118,"column":23},"end":{"line":143,"column":2}},"56":{"start":{"line":118,"column":61},"end":{"line":143,"column":2}},"57":{"start":{"line":121,"column":20},"end":{"line":121,"column":28}},"58":{"start":{"line":122,"column":25},"end":{"line":122,"column":61}},"59":{"start":{"line":123,"column":2},"end":{"line":127,"column":3}},"60":{"start":{"line":124,"column":4},"end":{"line":126,"column":76}},"61":{"start":{"line":129,"column":17},"end":{"line":129,"column":53}},"62":{"start":{"line":130,"column":4},"end":{"line":142,"column":5}},"63":{"start":{"line":131,"column":6},"end":{"line":133,"column":70}},"64":{"start":{"line":135,"column":6},"end":{"line":141,"column":11}},"65":{"start":{"line":118,"column":13},"end":{"line":118,"column":23}}},"fnMap":{"0":{"name":"(anonymous_8)","decl":{"start":{"line":13,"column":26},"end":{"line":13,"column":33}},"loc":{"start":{"line":13,"column":64},"end":{"line":45,"column":2}}},"1":{"name":"(anonymous_9)","decl":{"start":{"line":13,"column":64},"end":{"line":13,"column":null}},"loc":{"start":{"line":13,"column":64},"end":{"line":45,"column":1}}},"2":{"name":"(anonymous_10)","decl":{"start":{"line":47,"column":25},"end":{"line":47,"column":32}},"loc":{"start":{"line":47,"column":63},"end":{"line":89,"column":2}}},"3":{"name":"(anonymous_11)","decl":{"start":{"line":47,"column":63},"end":{"line":47,"column":null}},"loc":{"start":{"line":47,"column":63},"end":{"line":89,"column":1}}},"4":{"name":"(anonymous_12)","decl":{"start":{"line":91,"column":26},"end":{"line":91,"column":33}},"loc":{"start":{"line":91,"column":64},"end":{"line":116,"column":2}}},"5":{"name":"(anonymous_13)","decl":{"start":{"line":91,"column":64},"end":{"line":91,"column":null}},"loc":{"start":{"line":91,"column":64},"end":{"line":116,"column":1}}},"6":{"name":"(anonymous_14)","decl":{"start":{"line":118,"column":23},"end":{"line":118,"column":30}},"loc":{"start":{"line":118,"column":61},"end":{"line":143,"column":2}}},"7":{"name":"(anonymous_15)","decl":{"start":{"line":118,"column":61},"end":{"line":118,"column":null}},"loc":{"start":{"line":118,"column":61},"end":{"line":143,"column":1}}}},"branchMap":{"0":{"loc":{"start":{"line":17,"column":2},"end":{"line":19,"column":3}},"type":"if","locations":[{"start":{"line":17,"column":2},"end":{"line":19,"column":3}}]},"1":{"loc":{"start":{"line":22,"column":4},"end":{"line":44,"column":5}},"type":"if","locations":[{"start":{"line":22,"column":4},"end":{"line":44,"column":5}},{"start":{"line":27,"column":11},"end":{"line":44,"column":5}}]},"2":{"loc":{"start":{"line":31,"column":6},"end":{"line":43,"column":7}},"type":"if","locations":[{"start":{"line":31,"column":6},"end":{"line":43,"column":7}}]},"3":{"loc":{"start":{"line":32,"column":27},"end":{"line":32,"column":72}},"type":"binary-expr","locations":[{"start":{"line":32,"column":27},"end":{"line":32,"column":60}},{"start":{"line":32,"column":64},"end":{"line":32,"column":72}}]},"4":{"loc":{"start":{"line":33,"column":28},"end":{"line":33,"column":61}},"type":"binary-expr","locations":[{"start":{"line":33,"column":28},"end":{"line":33,"column":53}},{"start":{"line":33,"column":57},"end":{"line":33,"column":61}}]},"5":{"loc":{"start":{"line":51,"column":2},"end":{"line":55,"column":3}},"type":"if","locations":[{"start":{"line":51,"column":2},"end":{"line":55,"column":3}}]},"6":{"loc":{"start":{"line":58,"column":4},"end":{"line":88,"column":5}},"type":"if","locations":[{"start":{"line":58,"column":4},"end":{"line":88,"column":5}},{"start":{"line":82,"column":11},"end":{"line":88,"column":5}}]},"7":{"loc":{"start":{"line":63,"column":6},"end":{"line":81,"column":7}},"type":"if","locations":[{"start":{"line":63,"column":6},"end":{"line":81,"column":7}},{"start":{"line":69,"column":13},"end":{"line":81,"column":7}}]},"8":{"loc":{"start":{"line":70,"column":27},"end":{"line":70,"column":72}},"type":"binary-expr","locations":[{"start":{"line":70,"column":27},"end":{"line":70,"column":60}},{"start":{"line":70,"column":64},"end":{"line":70,"column":72}}]},"9":{"loc":{"start":{"line":71,"column":28},"end":{"line":71,"column":61}},"type":"binary-expr","locations":[{"start":{"line":71,"column":28},"end":{"line":71,"column":53}},{"start":{"line":71,"column":57},"end":{"line":71,"column":61}}]},"10":{"loc":{"start":{"line":96,"column":2},"end":{"line":100,"column":3}},"type":"if","locations":[{"start":{"line":96,"column":2},"end":{"line":100,"column":3}}]},"11":{"loc":{"start":{"line":103,"column":4},"end":{"line":115,"column":5}},"type":"if","locations":[{"start":{"line":103,"column":4},"end":{"line":115,"column":5}},{"start":{"line":107,"column":11},"end":{"line":115,"column":5}}]},"12":{"loc":{"start":{"line":123,"column":2},"end":{"line":127,"column":3}},"type":"if","locations":[{"start":{"line":123,"column":2},"end":{"line":127,"column":3}}]},"13":{"loc":{"start":{"line":130,"column":4},"end":{"line":142,"column":5}},"type":"if","locations":[{"start":{"line":130,"column":4},"end":{"line":142,"column":5}},{"start":{"line":134,"column":11},"end":{"line":142,"column":5}}]}},"s":{"0":1,"1":1,"2":1,"3":1,"4":1,"5":1,"6":1,"7":1,"8":1,"9":1,"10":0,"11":0,"12":0,"13":0,"14":0,"15":0,"16":0,"17":0,"18":0,"19":0,"20":0,"21":0,"22":0,"23":0,"24":0,"25":0,"26":1,"27":1,"28":0,"29":0,"30":0,"31":0,"32":0,"33":0,"34":0,"35":0,"36":0,"37":0,"38":0,"39":0,"40":0,"41":0,"42":0,"43":1,"44":1,"45":0,"46":0,"47":0,"48":0,"49":0,"50":0,"51":0,"52":0,"53":0,"54":1,"55":1,"56":0,"57":0,"58":0,"59":0,"60":0,"61":0,"62":0,"63":0,"64":0,"65":1},"f":{"0":0,"1":0,"2":0,"3":0,"4":0,"5":0,"6":0,"7":0},"b":{"0":[0],"1":[0,0],"2":[0],"3":[0,0],"4":[0,0],"5":[0],"6":[0,0],"7":[0,0],"8":[0,0],"9":[0,0],"10":[0],"11":[0,0],"12":[0],"13":[0,0]}}
,"/Users/eric/Desktop/CODE/ANDELA/MyBrand-BE/src/middleware/authentication.ts": {"path":"/Users/eric/Desktop/CODE/ANDELA/MyBrand-BE/src/middleware/authentication.ts","statementMap":{"0":{"start":{"line":1,"column":0},"end":{"line":1,"column":31}},"1":{"start":{"line":2,"column":0},"end":{"line":2,"column":28}},"2":{"start":{"line":5,"column":0},"end":{"line":5,"column":53}},"3":{"start":{"line":8,"column":0},"end":{"line":8,"column":16}},"4":{"start":{"line":10,"column":31},"end":{"line":56,"column":2}},"5":{"start":{"line":14,"column":4},"end":{"line":56,"column":2}},"6":{"start":{"line":15,"column":2},"end":{"line":55,"column":3}},"7":{"start":{"line":16,"column":26},"end":{"line":16,"column":53}},"8":{"start":{"line":17,"column":4},"end":{"line":50,"column":5}},"9":{"start":{"line":18,"column":6},"end":{"line":20,"column":70}},"10":{"start":{"line":22,"column":20},"end":{"line":22,"column":47}},"11":{"start":{"line":23,"column":6},"end":{"line":49,"column":7}},"12":{"start":{"line":24,"column":49},"end":{"line":26,"column":null}},"13":{"start":{"line":29,"column":8},"end":{"line":31,"column":9}},"14":{"start":{"line":30,"column":10},"end":{"line":30,"column":56}},"15":{"start":{"line":33,"column":8},"end":{"line":35,"column":9}},"16":{"start":{"line":34,"column":10},"end":{"line":34,"column":56}},"17":{"start":{"line":37,"column":43},"end":{"line":39,"column":10}},"18":{"start":{"line":41,"column":8},"end":{"line":43,"column":9}},"19":{"start":{"line":42,"column":10},"end":{"line":42,"column":57}},"20":{"start":{"line":45,"column":8},"end":{"line":45,"column":24}},"21":{"start":{"line":46,"column":8},"end":{"line":46,"column":15}},"22":{"start":{"line":48,"column":8},"end":{"line":48,"column":50}},"23":{"start":{"line":52,"column":4},"end":{"line":54,"column":66}},"24":{"start":{"line":10,"column":13},"end":{"line":10,"column":31}},"25":{"start":{"line":58,"column":23},"end":{"line":76,"column":2}},"26":{"start":{"line":62,"column":4},"end":{"line":76,"column":2}},"27":{"start":{"line":63,"column":2},"end":{"line":65,"column":3}},"28":{"start":{"line":64,"column":4},"end":{"line":64,"column":42}},"29":{"start":{"line":67,"column":2},"end":{"line":69,"column":3}},"30":{"start":{"line":68,"column":4},"end":{"line":68,"column":42}},"31":{"start":{"line":71,"column":2},"end":{"line":75,"column":3}},"32":{"start":{"line":72,"column":4},"end":{"line":72,"column":11}},"33":{"start":{"line":74,"column":4},"end":{"line":74,"column":48}},"34":{"start":{"line":58,"column":13},"end":{"line":58,"column":23}}},"fnMap":{"0":{"name":"(anonymous_8)","decl":{"start":{"line":10,"column":31},"end":{"line":10,"column":null}},"loc":{"start":{"line":14,"column":4},"end":{"line":56,"column":2}}},"1":{"name":"(anonymous_9)","decl":{"start":{"line":14,"column":4},"end":{"line":14,"column":null}},"loc":{"start":{"line":14,"column":4},"end":{"line":56,"column":1}}},"2":{"name":"(anonymous_10)","decl":{"start":{"line":58,"column":23},"end":{"line":58,"column":null}},"loc":{"start":{"line":62,"column":4},"end":{"line":76,"column":2}}},"3":{"name":"(anonymous_11)","decl":{"start":{"line":62,"column":4},"end":{"line":62,"column":null}},"loc":{"start":{"line":62,"column":4},"end":{"line":76,"column":1}}}},"branchMap":{"0":{"loc":{"start":{"line":17,"column":4},"end":{"line":50,"column":5}},"type":"if","locations":[{"start":{"line":17,"column":4},"end":{"line":50,"column":5}},{"start":{"line":21,"column":11},"end":{"line":50,"column":5}}]},"1":{"loc":{"start":{"line":23,"column":6},"end":{"line":49,"column":7}},"type":"if","locations":[{"start":{"line":23,"column":6},"end":{"line":49,"column":7}},{"start":{"line":47,"column":13},"end":{"line":49,"column":7}}]},"2":{"loc":{"start":{"line":29,"column":8},"end":{"line":31,"column":9}},"type":"if","locations":[{"start":{"line":29,"column":8},"end":{"line":31,"column":9}}]},"3":{"loc":{"start":{"line":29,"column":12},"end":{"line":29,"column":65}},"type":"binary-expr","locations":[{"start":{"line":29,"column":12},"end":{"line":29,"column":39}},{"start":{"line":29,"column":43},"end":{"line":29,"column":65}}]},"4":{"loc":{"start":{"line":33,"column":8},"end":{"line":35,"column":9}},"type":"if","locations":[{"start":{"line":33,"column":8},"end":{"line":35,"column":9}}]},"5":{"loc":{"start":{"line":33,"column":12},"end":{"line":33,"column":39}},"type":"binary-expr","locations":[{"start":{"line":33,"column":12},"end":{"line":33,"column":20}},{"start":{"line":33,"column":24},"end":{"line":33,"column":39}}]},"6":{"loc":{"start":{"line":41,"column":8},"end":{"line":43,"column":9}},"type":"if","locations":[{"start":{"line":41,"column":8},"end":{"line":43,"column":9}}]},"7":{"loc":{"start":{"line":63,"column":2},"end":{"line":65,"column":3}},"type":"if","locations":[{"start":{"line":63,"column":2},"end":{"line":65,"column":3}}]},"8":{"loc":{"start":{"line":67,"column":2},"end":{"line":69,"column":3}},"type":"if","locations":[{"start":{"line":67,"column":2},"end":{"line":69,"column":3}}]},"9":{"loc":{"start":{"line":71,"column":2},"end":{"line":75,"column":3}},"type":"if","locations":[{"start":{"line":71,"column":2},"end":{"line":75,"column":3}},{"start":{"line":73,"column":9},"end":{"line":75,"column":3}}]}},"s":{"0":1,"1":1,"2":1,"3":1,"4":1,"5":0,"6":0,"7":0,"8":0,"9":0,"10":0,"11":0,"12":0,"13":0,"14":0,"15":0,"16":0,"17":0,"18":0,"19":0,"20":0,"21":0,"22":0,"23":0,"24":1,"25":1,"26":0,"27":0,"28":0,"29":0,"30":0,"31":0,"32":0,"33":0,"34":1},"f":{"0":0,"1":0,"2":0,"3":0},"b":{"0":[0,0],"1":[0,0],"2":[0],"3":[0,0],"4":[0],"5":[0,0],"6":[0],"7":[0],"8":[0],"9":[0,0]}}
,"/Users/eric/Desktop/CODE/ANDELA/MyBrand-BE/src/models/User.ts": {"path":"/Users/eric/Desktop/CODE/ANDELA/MyBrand-BE/src/models/User.ts","statementMap":{"0":{"start":{"line":1,"column":0},"end":{"line":1,"column":32}},"1":{"start":{"line":11,"column":19},"end":{"line":32,"column":2}},"2":{"start":{"line":34,"column":0},"end":{"line":34,"column":50}}},"fnMap":{},"branchMap":{},"s":{"0":1,"1":1,"2":1},"f":{},"b":{}}
,"/Users/eric/Desktop/CODE/ANDELA/MyBrand-BE/src/routers/usersRouter.ts": {"path":"/Users/eric/Desktop/CODE/ANDELA/MyBrand-BE/src/routers/usersRouter.ts","statementMap":{"0":{"start":{"line":1,"column":0},"end":{"line":1,"column":30}},"1":{"start":{"line":2,"column":15},"end":{"line":2,"column":31}},"2":{"start":{"line":3,"column":0},"end":{"line":3,"column":56}},"3":{"start":{"line":4,"column":0},"end":{"line":4,"column":72}},"4":{"start":{"line":6,"column":0},"end":{"line":6,"column":41}},"5":{"start":{"line":7,"column":0},"end":{"line":7,"column":39}},"6":{"start":{"line":8,"column":0},"end":{"line":8,"column":70}},"7":{"start":{"line":9,"column":0},"end":{"line":9,"column":61}},"8":{"start":{"line":11,"column":0},"end":{"line":11,"column":22}}},"fnMap":{},"branchMap":{},"s":{"0":1,"1":1,"2":1,"3":1,"4":1,"5":1,"6":1,"7":1,"8":1},"f":{},"b":{}}
}
